<?xml version="1.0" encoding="UTF-8"?>
<!-- Generated by org.testng.reporters.JUnitReportReporter -->
<testsuite hostname="fahmy-B5400" name="Tests.TestClassName" tests="1" failures="0" timestamp="8 May 2015 19:00:43 GMT" time="0.028" errors="0">
  <testcase name="f" time="0.028" classname="Tests.TestClassName"/>
</testsuite> <!-- Tests.TestClassName -->
